\\merkator.local\hund\user\chramas_p\eigene dateien\visual studio 2015\projects\camtool\lft_camtool\ftdi_i2c\debug\ftdi_i2c.pch
\\merkator.local\hund\user\chramas_p\eigene dateien\visual studio 2015\projects\camtool\lft_camtool\ftdi_i2c\debug\vc140.pdb
\\merkator.local\hund\user\chramas_p\eigene dateien\visual studio 2015\projects\camtool\lft_camtool\ftdi_i2c\debug\stdafx.obj
\\merkator.local\hund\user\chramas_p\eigene dateien\visual studio 2015\projects\camtool\lft_camtool\ftdi_i2c\debug\ftci2c.obj
\\merkator.local\hund\user\chramas_p\eigene dateien\visual studio 2015\projects\camtool\lft_camtool\ftdi_i2c\debug\ft2232hmpssei2c.obj
\\merkator.local\hund\user\chramas_p\eigene dateien\visual studio 2015\projects\camtool\lft_camtool\ftdi_i2c\debug\ft2232h.obj
\\merkator.local\hund\user\chramas_p\eigene dateien\visual studio 2015\projects\camtool\lft_camtool\ftdi_i2c\debug\ft2232c.obj
\\merkator.local\hund\user\chramas_p\eigene dateien\visual studio 2015\projects\camtool\lft_camtool\ftdi_i2c\debug\.netframework,version=v4.0.assemblyattributes.asm
\\merkator.local\hund\user\chramas_p\eigene dateien\visual studio 2015\projects\camtool\lft_camtool\ftdi_i2c\debug\.netframework,version=v4.0.assemblyattributes.obj
\\merkator.local\hund\user\chramas_p\eigene dateien\visual studio 2015\projects\camtool\lft_camtool\ftdi_i2c\debug\ftci2c.res
\\merkator.local\hund\user\chramas_p\eigene dateien\visual studio 2015\projects\camtool\lft_camtool\ftdi_i2c\debug\ftdi_i2c.tlog\cl.command.1.tlog
\\merkator.local\hund\user\chramas_p\eigene dateien\visual studio 2015\projects\camtool\lft_camtool\ftdi_i2c\debug\ftdi_i2c.tlog\cl.read.1.tlog
\\merkator.local\hund\user\chramas_p\eigene dateien\visual studio 2015\projects\camtool\lft_camtool\ftdi_i2c\debug\ftdi_i2c.tlog\cl.write.1.tlog
\\merkator.local\hund\user\chramas_p\eigene dateien\visual studio 2015\projects\camtool\lft_camtool\ftdi_i2c\debug\ftdi_i2c.tlog\metagen.read.1.tlog
\\merkator.local\hund\user\chramas_p\eigene dateien\visual studio 2015\projects\camtool\lft_camtool\ftdi_i2c\debug\ftdi_i2c.tlog\metagen.write.1.tlog
\\merkator.local\hund\user\chramas_p\eigene dateien\visual studio 2015\projects\camtool\lft_camtool\ftdi_i2c\debug\ftdi_i2c.tlog\rc.command.1.tlog
\\merkator.local\hund\user\chramas_p\eigene dateien\visual studio 2015\projects\camtool\lft_camtool\ftdi_i2c\debug\ftdi_i2c.tlog\rc.read.1.tlog
\\merkator.local\hund\user\chramas_p\eigene dateien\visual studio 2015\projects\camtool\lft_camtool\ftdi_i2c\debug\ftdi_i2c.tlog\rc.write.1.tlog
\\merkator.local\hund\user\chramas_p\eigene dateien\visual studio 2015\projects\camtool\lft_camtool\ftdi_i2c\debug\ftdi_i2c.tlog\rsaenh.dll.bi
\\merkator.local\hund\user\chramas_p\eigene dateien\visual studio 2015\projects\camtool\lft_camtool\ftdi_i2c\debug\ftdi_i2c.tlog\tzres.dll.bi
